[17:04:21] [Client thread/INFO]: Setting user: Player622
[17:04:27] [Client thread/WARN]: Skipping bad option: lastServer:
[17:04:27] [Client thread/INFO]: LWJGL Version: 2.9.2
[17:04:32] [Client thread/INFO]: Reloading ResourceManager: Default, FMLFileResourcePack:Forge Mod Loader, FMLFileResourcePack:Minecraft Forge, FMLFileResourcePack:Test Mod
[17:04:35] [Sound Library Loader/INFO]: Starting up SoundSystem...
[17:04:35] [Thread-6/INFO]: Initializing LWJGL OpenAL
[17:04:35] [Thread-6/INFO]: (The LWJGL binding of OpenAL.  For more information, see http://www.lwjgl.org)
[17:04:35] [Thread-6/INFO]: OpenAL initialized.
[17:04:35] [Sound Library Loader/INFO]: Sound engine started
[17:04:38] [Client thread/INFO]: Created: 16x16 textures-atlas
[17:04:42] [Client thread/INFO]: Reloading ResourceManager: Default, FMLFileResourcePack:Forge Mod Loader, FMLFileResourcePack:Minecraft Forge, FMLFileResourcePack:Test Mod
[17:04:43] [Client thread/INFO]: SoundSystem shutting down...
[17:04:43] [Client thread/WARN]: Author: Paul Lamb, www.paulscode.com
[17:04:43] [Sound Library Loader/INFO]: Starting up SoundSystem...
[17:04:43] [Thread-8/INFO]: Initializing LWJGL OpenAL
[17:04:43] [Thread-8/INFO]: (The LWJGL binding of OpenAL.  For more information, see http://www.lwjgl.org)
[17:04:43] [Thread-8/INFO]: OpenAL initialized.
[17:04:44] [Sound Library Loader/INFO]: Sound engine started
[17:04:46] [Client thread/INFO]: Created: 512x512 textures-atlas
[17:04:48] [Client thread/WARN]: Skipping bad option: lastServer:
[17:04:48] [Client thread/ERROR]: ########## GL ERROR ##########
[17:04:48] [Client thread/ERROR]: @ Post startup
[17:04:48] [Client thread/ERROR]: 1281: Invalid value
[17:04:51] [Realms Notification Availability checker #1/INFO]: Could not authorize you against Realms server: Invalid session id
[17:05:29] [Server thread/INFO]: Starting integrated minecraft server version 1.10.2
[17:05:29] [Server thread/INFO]: Generating keypair
[17:05:30] [Server thread/INFO]: Preparing start region for level 0
[17:05:32] [Server thread/INFO]: Preparing spawn area: 0%
[17:05:33] [Server thread/INFO]: Preparing spawn area: 7%
[17:05:34] [Server thread/INFO]: Preparing spawn area: 30%
[17:05:35] [Server thread/INFO]: Preparing spawn area: 44%
[17:05:36] [Server thread/INFO]: Preparing spawn area: 74%
[17:05:36] [Server thread/INFO]: Changing view distance to 12, from 10
[17:05:39] [Server thread/INFO]: Player622[local:E:f0012881] logged in with entity id 103 at (23.571364517185234, 99.00618440427107, 90.56468747595972)
[17:05:39] [Server thread/INFO]: Player622 joined the game
[17:05:40] [Server thread/INFO]: Saving and pausing game...
[17:05:40] [Server thread/INFO]: Saving chunks for level 'New World'/Overworld
[17:05:40] [Server thread/INFO]: Saving chunks for level 'New World'/Nether
[17:05:40] [Server thread/INFO]: Saving chunks for level 'New World'/The End
[17:05:42] [pool-2-thread-1/WARN]: Couldn't look up profile properties for com.mojang.authlib.GameProfile@669836a0[id=8647fa2e-0d3d-396f-b7fb-761893f2c64f,name=Player622,properties={},legacy=false]
com.mojang.authlib.exceptions.AuthenticationException: The client has sent too many requests within a certain amount of time
	at com.mojang.authlib.yggdrasil.YggdrasilAuthenticationService.makeRequest(YggdrasilAuthenticationService.java:65) ~[YggdrasilAuthenticationService.class:?]
	at com.mojang.authlib.yggdrasil.YggdrasilMinecraftSessionService.fillGameProfile(YggdrasilMinecraftSessionService.java:175) [YggdrasilMinecraftSessionService.class:?]
	at com.mojang.authlib.yggdrasil.YggdrasilMinecraftSessionService$1.load(YggdrasilMinecraftSessionService.java:59) [YggdrasilMinecraftSessionService$1.class:?]
	at com.mojang.authlib.yggdrasil.YggdrasilMinecraftSessionService$1.load(YggdrasilMinecraftSessionService.java:56) [YggdrasilMinecraftSessionService$1.class:?]
	at com.google.common.cache.LocalCache$LoadingValueReference.loadFuture(LocalCache.java:3524) [guava-17.0.jar:?]
	at com.google.common.cache.LocalCache$Segment.loadSync(LocalCache.java:2317) [guava-17.0.jar:?]
	at com.google.common.cache.LocalCache$Segment.lockedGetOrLoad(LocalCache.java:2280) [guava-17.0.jar:?]
	at com.google.common.cache.LocalCache$Segment.get(LocalCache.java:2195) [guava-17.0.jar:?]
	at com.google.common.cache.LocalCache.get(LocalCache.java:3934) [guava-17.0.jar:?]
	at com.google.common.cache.LocalCache.getOrLoad(LocalCache.java:3938) [guava-17.0.jar:?]
	at com.google.common.cache.LocalCache$LocalLoadingCache.get(LocalCache.java:4821) [guava-17.0.jar:?]
	at com.google.common.cache.LocalCache$LocalLoadingCache.getUnchecked(LocalCache.java:4827) [guava-17.0.jar:?]
	at com.mojang.authlib.yggdrasil.YggdrasilMinecraftSessionService.fillProfileProperties(YggdrasilMinecraftSessionService.java:165) [YggdrasilMinecraftSessionService.class:?]
	at net.minecraft.client.Minecraft.getProfileProperties(Minecraft.java:3060) [Minecraft.class:?]
	at net.minecraft.client.resources.SkinManager$3.run(SkinManager.java:131) [SkinManager$3.class:?]
	at java.util.concurrent.Executors$RunnableAdapter.call(Executors.java:511) [?:1.8.0_05]
	at java.util.concurrent.FutureTask.run(FutureTask.java:266) [?:1.8.0_05]
	at java.util.concurrent.ThreadPoolExecutor.runWorker(ThreadPoolExecutor.java:1142) [?:1.8.0_05]
	at java.util.concurrent.ThreadPoolExecutor$Worker.run(ThreadPoolExecutor.java:617) [?:1.8.0_05]
	at java.lang.Thread.run(Thread.java:745) [?:1.8.0_05]
[17:05:56] [Server thread/INFO]: Saving and pausing game...
[17:05:56] [Server thread/INFO]: Saving chunks for level 'New World'/Overworld
[17:05:56] [Server thread/INFO]: Saving chunks for level 'New World'/Nether
[17:05:56] [Server thread/INFO]: Saving chunks for level 'New World'/The End
[17:05:56] [Server thread/INFO]: Stopping server
[17:05:56] [Server thread/INFO]: Saving players
[17:05:56] [Server thread/INFO]: Saving worlds
[17:05:56] [Server thread/INFO]: Saving chunks for level 'New World'/Overworld
[17:05:56] [Server thread/INFO]: Saving chunks for level 'New World'/Nether
[17:05:56] [Server thread/INFO]: Saving chunks for level 'New World'/The End
[17:05:59] [Client thread/INFO]: Stopping!
[17:05:59] [Client thread/INFO]: SoundSystem shutting down...
[17:05:59] [Client thread/WARN]: Author: Paul Lamb, www.paulscode.com
